[12-Dec-2025 12:23:08 Europe/Berlin] === Admin.php запущен ===
[12-Dec-2025 12:23:08 Europe/Berlin] Время: 2025-12-12 12:23:08
[12-Dec-2025 12:23:08 Europe/Berlin] GET: {"action":"get_count","table":"users"}
[12-Dec-2025 12:23:08 Europe/Berlin] POST input: 
[12-Dec-2025 12:23:08 Europe/Berlin] Admin API Action: get_count
[12-Dec-2025 12:29:51 Europe/Berlin] === Admin.php запущен ===
[12-Dec-2025 12:29:51 Europe/Berlin] Время: 2025-12-12 12:29:51
[12-Dec-2025 12:29:51 Europe/Berlin] GET: {"action":"get_count","table":"users"}
[12-Dec-2025 12:29:51 Europe/Berlin] === Admin.php запущен ===
[12-Dec-2025 12:29:51 Europe/Berlin] === Admin.php запущен ===
[12-Dec-2025 12:29:51 Europe/Berlin] POST input: 
[12-Dec-2025 12:29:51 Europe/Berlin] Время: 2025-12-12 12:29:51
[12-Dec-2025 12:29:51 Europe/Berlin] Время: 2025-12-12 12:29:51
[12-Dec-2025 12:29:51 Europe/Berlin] === Admin.php запущен ===
[12-Dec-2025 12:29:51 Europe/Berlin] GET: {"action":"get_count","table":"components"}
[12-Dec-2025 12:29:51 Europe/Berlin] === Admin.php запущен ===
[12-Dec-2025 12:29:51 Europe/Berlin] GET: {"action":"get_count","table":"users"}
[12-Dec-2025 12:29:51 Europe/Berlin] === Admin.php запущен ===
[12-Dec-2025 12:29:51 Europe/Berlin] Время: 2025-12-12 12:29:51
[12-Dec-2025 12:29:51 Europe/Berlin] POST input: 
[12-Dec-2025 12:29:51 Europe/Berlin] Время: 2025-12-12 12:29:51
[12-Dec-2025 12:29:51 Europe/Berlin] GET: {"action":"get_count","table":"user_builds"}
[12-Dec-2025 12:29:51 Europe/Berlin] Время: 2025-12-12 12:29:51
[12-Dec-2025 12:29:51 Europe/Berlin] POST input: 
[12-Dec-2025 12:29:51 Europe/Berlin] Admin API Action: get_count
[12-Dec-2025 12:29:51 Europe/Berlin] GET: {"action":"get_count","table":"components"}
[12-Dec-2025 12:29:51 Europe/Berlin] POST input: 
[12-Dec-2025 12:29:51 Europe/Berlin] GET: {"action":"get_count","table":"user_builds"}
[12-Dec-2025 12:29:51 Europe/Berlin] POST input: 
[12-Dec-2025 12:29:51 Europe/Berlin] POST input: 
[12-Dec-2025 12:29:51 Europe/Berlin] Admin API Action: get_count
[12-Dec-2025 12:29:51 Europe/Berlin] Admin API Action: get_count
[12-Dec-2025 12:29:51 Europe/Berlin] Admin API Action: get_count
[12-Dec-2025 12:29:51 Europe/Berlin] Admin API Action: get_count
[12-Dec-2025 12:29:51 Europe/Berlin] Admin API Action: get_count
[12-Dec-2025 12:29:51 Europe/Berlin] === Admin.php запущен ===
[12-Dec-2025 12:29:51 Europe/Berlin] Время: 2025-12-12 12:29:51
[12-Dec-2025 12:29:51 Europe/Berlin] GET: {"action":"get_count","table":"users"}
[12-Dec-2025 12:29:51 Europe/Berlin] POST input: 
[12-Dec-2025 12:29:51 Europe/Berlin] Admin API Action: get_count
[12-Dec-2025 12:29:51 Europe/Berlin] === Admin.php запущен ===
[12-Dec-2025 12:29:51 Europe/Berlin] Время: 2025-12-12 12:29:51
[12-Dec-2025 12:29:51 Europe/Berlin] === Admin.php запущен ===
[12-Dec-2025 12:29:51 Europe/Berlin] GET: {"action":"get_count","table":"components"}
[12-Dec-2025 12:29:51 Europe/Berlin] === Admin.php запущен ===
[12-Dec-2025 12:29:51 Europe/Berlin] === Admin.php запущен ===
[12-Dec-2025 12:29:51 Europe/Berlin] POST input: 
[12-Dec-2025 12:29:51 Europe/Berlin] Время: 2025-12-12 12:29:51
[12-Dec-2025 12:29:51 Europe/Berlin] Время: 2025-12-12 12:29:51
[12-Dec-2025 12:29:51 Europe/Berlin] Время: 2025-12-12 12:29:51
[12-Dec-2025 12:29:51 Europe/Berlin] GET: {"action":"get_count","table":"users"}
[12-Dec-2025 12:29:51 Europe/Berlin] GET: {"action":"get_count","table":"user_builds"}
[12-Dec-2025 12:29:51 Europe/Berlin] === Admin.php запущен ===
[12-Dec-2025 12:29:51 Europe/Berlin] GET: {"action":"get_count","table":"components"}
[12-Dec-2025 12:29:51 Europe/Berlin] POST input: 
[12-Dec-2025 12:29:51 Europe/Berlin] POST input: 
[12-Dec-2025 12:29:51 Europe/Berlin] Время: 2025-12-12 12:29:51
[12-Dec-2025 12:29:51 Europe/Berlin] POST input: 
[12-Dec-2025 12:29:51 Europe/Berlin] Admin API Action: get_count
[12-Dec-2025 12:29:51 Europe/Berlin] GET: {"action":"get_count","table":"user_builds"}
[12-Dec-2025 12:29:51 Europe/Berlin] POST input: 
[12-Dec-2025 12:29:51 Europe/Berlin] Admin API Action: get_count
[12-Dec-2025 12:29:51 Europe/Berlin] Admin API Action: get_count
[12-Dec-2025 12:29:51 Europe/Berlin] Admin API Action: get_count
[12-Dec-2025 12:29:51 Europe/Berlin] Admin API Action: get_count
[12-Dec-2025 12:29:51 Europe/Berlin] === Admin.php запущен ===
[12-Dec-2025 12:29:51 Europe/Berlin] Время: 2025-12-12 12:29:51
[12-Dec-2025 12:29:51 Europe/Berlin] GET: {"action":"get_count","table":"users"}
[12-Dec-2025 12:29:51 Europe/Berlin] === Admin.php запущен ===
[12-Dec-2025 12:29:51 Europe/Berlin] POST input: 
[12-Dec-2025 12:29:51 Europe/Berlin] Время: 2025-12-12 12:29:51
[12-Dec-2025 12:29:51 Europe/Berlin] === Admin.php запущен ===
[12-Dec-2025 12:29:51 Europe/Berlin] GET: {"action":"get_count","table":"components"}
[12-Dec-2025 12:29:51 Europe/Berlin] Время: 2025-12-12 12:29:51
[12-Dec-2025 12:29:51 Europe/Berlin] POST input: 
[12-Dec-2025 12:29:51 Europe/Berlin] === Admin.php запущен ===
[12-Dec-2025 12:29:51 Europe/Berlin] GET: {"action":"get_count","table":"user_builds"}
[12-Dec-2025 12:29:51 Europe/Berlin] Admin API Action: get_count
[12-Dec-2025 12:29:51 Europe/Berlin] Время: 2025-12-12 12:29:51
[12-Dec-2025 12:29:51 Europe/Berlin] POST input: 
[12-Dec-2025 12:29:51 Europe/Berlin] GET: {"action":"get_count","table":"users"}
[12-Dec-2025 12:29:51 Europe/Berlin] === Admin.php запущен ===
[12-Dec-2025 12:29:51 Europe/Berlin] POST input: 
[12-Dec-2025 12:29:51 Europe/Berlin] Время: 2025-12-12 12:29:51
[12-Dec-2025 12:29:51 Europe/Berlin] === Admin.php запущен ===
[12-Dec-2025 12:29:51 Europe/Berlin] GET: {"action":"get_count","table":"components"}
[12-Dec-2025 12:29:51 Europe/Berlin] Время: 2025-12-12 12:29:51
[12-Dec-2025 12:29:51 Europe/Berlin] POST input: 
[12-Dec-2025 12:29:51 Europe/Berlin] GET: {"action":"get_count","table":"user_builds"}
[12-Dec-2025 12:29:51 Europe/Berlin] Admin API Action: get_count
[12-Dec-2025 12:29:51 Europe/Berlin] POST input: 
[12-Dec-2025 12:29:51 Europe/Berlin] Admin API Action: get_count
[12-Dec-2025 12:29:52 Europe/Berlin] Admin API Action: get_count
[12-Dec-2025 12:29:52 Europe/Berlin] Admin API Action: get_count
[12-Dec-2025 12:29:52 Europe/Berlin] Admin API Action: get_count
[12-Dec-2025 12:29:52 Europe/Berlin] === Admin.php запущен ===
[12-Dec-2025 12:29:52 Europe/Berlin] Время: 2025-12-12 12:29:52
[12-Dec-2025 12:29:52 Europe/Berlin] GET: {"action":"get_count","table":"users"}
[12-Dec-2025 12:29:52 Europe/Berlin] POST input: 
[12-Dec-2025 12:29:52 Europe/Berlin] === Admin.php запущен ===
[12-Dec-2025 12:29:52 Europe/Berlin] Admin API Action: get_count
[12-Dec-2025 12:29:52 Europe/Berlin] Время: 2025-12-12 12:29:52
[12-Dec-2025 12:29:52 Europe/Berlin] GET: {"action":"get_count","table":"components"}
[12-Dec-2025 12:29:52 Europe/Berlin] POST input: 
[12-Dec-2025 12:29:52 Europe/Berlin] === Admin.php запущен ===
[12-Dec-2025 12:29:52 Europe/Berlin] === Admin.php запущен ===
[12-Dec-2025 12:29:52 Europe/Berlin] Admin API Action: get_count
[12-Dec-2025 12:29:52 Europe/Berlin] === Admin.php запущен ===
[12-Dec-2025 12:29:52 Europe/Berlin] Время: 2025-12-12 12:29:52
[12-Dec-2025 12:29:52 Europe/Berlin] Время: 2025-12-12 12:29:52
[12-Dec-2025 12:29:52 Europe/Berlin] === Admin.php запущен ===
[12-Dec-2025 12:29:52 Europe/Berlin] Время: 2025-12-12 12:29:52
[12-Dec-2025 12:29:52 Europe/Berlin] GET: {"action":"get_count","table":"user_builds"}
[12-Dec-2025 12:29:52 Europe/Berlin] GET: {"action":"get_count","table":"users"}
[12-Dec-2025 12:29:52 Europe/Berlin] GET: {"action":"get_count","table":"components"}
[12-Dec-2025 12:29:52 Europe/Berlin] Время: 2025-12-12 12:29:52
[12-Dec-2025 12:29:52 Europe/Berlin] POST input: 
[12-Dec-2025 12:29:52 Europe/Berlin] POST input: 
[12-Dec-2025 12:29:52 Europe/Berlin] POST input: 
[12-Dec-2025 12:29:52 Europe/Berlin] GET: {"action":"get_count","table":"user_builds"}
[12-Dec-2025 12:29:52 Europe/Berlin] POST input: 
[12-Dec-2025 12:29:52 Europe/Berlin] Admin API Action: get_count
[12-Dec-2025 12:29:52 Europe/Berlin] Admin API Action: get_count
[12-Dec-2025 12:29:52 Europe/Berlin] Admin API Action: get_count
[12-Dec-2025 12:29:52 Europe/Berlin] Admin API Action: get_count
[12-Dec-2025 12:29:52 Europe/Berlin] === Admin.php запущен ===
[12-Dec-2025 12:29:52 Europe/Berlin] Время: 2025-12-12 12:29:52
[12-Dec-2025 12:29:52 Europe/Berlin] GET: {"action":"get_count","table":"users"}
[12-Dec-2025 12:29:52 Europe/Berlin] POST input: 
[12-Dec-2025 12:29:52 Europe/Berlin] === Admin.php запущен ===
[12-Dec-2025 12:29:52 Europe/Berlin] Время: 2025-12-12 12:29:52
[12-Dec-2025 12:29:52 Europe/Berlin] === Admin.php запущен ===
[12-Dec-2025 12:29:52 Europe/Berlin] GET: {"action":"get_count","table":"components"}
[12-Dec-2025 12:29:52 Europe/Berlin] Время: 2025-12-12 12:29:52
[12-Dec-2025 12:29:52 Europe/Berlin] Admin API Action: get_count
[12-Dec-2025 12:29:52 Europe/Berlin] POST input: 
[12-Dec-2025 12:29:52 Europe/Berlin] === Admin.php запущен ===
[12-Dec-2025 12:29:52 Europe/Berlin] GET: {"action":"get_count","table":"user_builds"}
[12-Dec-2025 12:29:52 Europe/Berlin] === Admin.php запущен ===
[12-Dec-2025 12:29:52 Europe/Berlin] Время: 2025-12-12 12:29:52
[12-Dec-2025 12:29:52 Europe/Berlin] POST input: 
[12-Dec-2025 12:29:52 Europe/Berlin] Время: 2025-12-12 12:29:52
[12-Dec-2025 12:29:52 Europe/Berlin] GET: {"action":"get_count","table":"users"}
[12-Dec-2025 12:29:52 Europe/Berlin] === Admin.php запущен ===
[12-Dec-2025 12:29:52 Europe/Berlin] GET: {"action":"get_count","table":"components"}
[12-Dec-2025 12:29:52 Europe/Berlin] Время: 2025-12-12 12:29:52
[12-Dec-2025 12:29:52 Europe/Berlin] POST input: 
[12-Dec-2025 12:29:52 Europe/Berlin] Admin API Action: get_count
[12-Dec-2025 12:29:52 Europe/Berlin] GET: {"action":"get_count","table":"user_builds"}
[12-Dec-2025 12:29:52 Europe/Berlin] POST input: 
[12-Dec-2025 12:29:52 Europe/Berlin] POST input: 
[12-Dec-2025 12:29:52 Europe/Berlin] Admin API Action: get_count
[12-Dec-2025 12:29:52 Europe/Berlin] Admin API Action: get_count
[12-Dec-2025 12:29:52 Europe/Berlin] Admin API Action: get_count
[12-Dec-2025 12:29:52 Europe/Berlin] Admin API Action: get_count
[12-Dec-2025 12:29:52 Europe/Berlin] === Admin.php запущен ===
[12-Dec-2025 12:29:52 Europe/Berlin] Время: 2025-12-12 12:29:52
[12-Dec-2025 12:29:52 Europe/Berlin] GET: {"action":"get_count","table":"users"}
[12-Dec-2025 12:29:52 Europe/Berlin] POST input: 
[12-Dec-2025 12:29:52 Europe/Berlin] === Admin.php запущен ===
[12-Dec-2025 12:29:52 Europe/Berlin] Время: 2025-12-12 12:29:52
[12-Dec-2025 12:29:52 Europe/Berlin] GET: {"action":"get_count","table":"components"}
[12-Dec-2025 12:29:52 Europe/Berlin] POST input: 
[12-Dec-2025 12:29:52 Europe/Berlin] === Admin.php запущен ===
[12-Dec-2025 12:29:52 Europe/Berlin] Время: 2025-12-12 12:29:52
[12-Dec-2025 12:29:52 Europe/Berlin] === Admin.php запущен ===
[12-Dec-2025 12:29:52 Europe/Berlin] GET: {"action":"get_count","table":"user_builds"}
[12-Dec-2025 12:29:52 Europe/Berlin] Время: 2025-12-12 12:29:52
[12-Dec-2025 12:29:52 Europe/Berlin] POST input: 
[12-Dec-2025 12:29:52 Europe/Berlin] GET: {"action":"get_count","table":"users"}
[12-Dec-2025 12:29:52 Europe/Berlin] === Admin.php запущен ===
[12-Dec-2025 12:29:52 Europe/Berlin] POST input: 
[12-Dec-2025 12:29:52 Europe/Berlin] === Admin.php запущен ===
[12-Dec-2025 12:29:52 Europe/Berlin] Время: 2025-12-12 12:29:52
[12-Dec-2025 12:29:52 Europe/Berlin] Время: 2025-12-12 12:29:52
[12-Dec-2025 12:29:52 Europe/Berlin] GET: {"action":"get_count","table":"components"}
[12-Dec-2025 12:29:52 Europe/Berlin] GET: {"action":"get_count","table":"user_builds"}
[12-Dec-2025 12:29:52 Europe/Berlin] POST input: 
[12-Dec-2025 12:29:52 Europe/Berlin] POST input: 
[12-Dec-2025 12:29:52 Europe/Berlin] Admin API Action: get_count
[12-Dec-2025 12:29:52 Europe/Berlin] Admin API Action: get_count
[12-Dec-2025 12:29:52 Europe/Berlin] Admin API Action: get_count
[12-Dec-2025 12:29:52 Europe/Berlin] Admin API Action: get_count
[12-Dec-2025 12:29:52 Europe/Berlin] Admin API Action: get_count
[12-Dec-2025 12:29:52 Europe/Berlin] Admin API Action: get_count
[12-Dec-2025 12:29:52 Europe/Berlin] === Admin.php запущен ===
[12-Dec-2025 12:29:52 Europe/Berlin] Время: 2025-12-12 12:29:52
[12-Dec-2025 12:29:52 Europe/Berlin] GET: {"action":"get_count","table":"users"}
[12-Dec-2025 12:29:52 Europe/Berlin] POST input: 
[12-Dec-2025 12:29:52 Europe/Berlin] === Admin.php запущен ===
[12-Dec-2025 12:29:52 Europe/Berlin] === Admin.php запущен ===
[12-Dec-2025 12:29:52 Europe/Berlin] Время: 2025-12-12 12:29:52
[12-Dec-2025 12:29:52 Europe/Berlin] Время: 2025-12-12 12:29:52
[12-Dec-2025 12:29:52 Europe/Berlin] GET: {"action":"get_count","table":"components"}
[12-Dec-2025 12:29:52 Europe/Berlin] === Admin.php запущен ===
[12-Dec-2025 12:29:52 Europe/Berlin] Admin API Action: get_count
[12-Dec-2025 12:29:52 Europe/Berlin] GET: {"action":"get_count","table":"user_builds"}
[12-Dec-2025 12:29:52 Europe/Berlin] POST input: 
[12-Dec-2025 12:29:52 Europe/Berlin] Время: 2025-12-12 12:29:52
[12-Dec-2025 12:29:52 Europe/Berlin] === Admin.php запущен ===
[12-Dec-2025 12:29:52 Europe/Berlin] POST input: 
[12-Dec-2025 12:29:52 Europe/Berlin] GET: {"action":"get_count","table":"users"}
[12-Dec-2025 12:29:52 Europe/Berlin] Время: 2025-12-12 12:29:52
[12-Dec-2025 12:29:52 Europe/Berlin] === Admin.php запущен ===
[12-Dec-2025 12:29:52 Europe/Berlin] GET: {"action":"get_count","table":"components"}
[12-Dec-2025 12:29:52 Europe/Berlin] POST input: 
[12-Dec-2025 12:29:52 Europe/Berlin] Время: 2025-12-12 12:29:52
[12-Dec-2025 12:29:52 Europe/Berlin] Admin API Action: get_count
[12-Dec-2025 12:29:52 Europe/Berlin] POST input: 
[12-Dec-2025 12:29:52 Europe/Berlin] GET: {"action":"get_count","table":"user_builds"}
[12-Dec-2025 12:29:52 Europe/Berlin] POST input: 
[12-Dec-2025 12:29:52 Europe/Berlin] Admin API Action: get_count
[12-Dec-2025 12:29:52 Europe/Berlin] Admin API Action: get_count
[12-Dec-2025 12:29:52 Europe/Berlin] Admin API Action: get_count
[12-Dec-2025 12:29:52 Europe/Berlin] Admin API Action: get_count
[12-Dec-2025 12:29:53 Europe/Berlin] === Admin.php запущен ===
[12-Dec-2025 12:29:53 Europe/Berlin] Время: 2025-12-12 12:29:53
[12-Dec-2025 12:29:53 Europe/Berlin] GET: {"action":"get_count","table":"users"}
[12-Dec-2025 12:29:53 Europe/Berlin] POST input: 
[12-Dec-2025 12:29:53 Europe/Berlin] === Admin.php запущен ===
[12-Dec-2025 12:29:53 Europe/Berlin] Время: 2025-12-12 12:29:53
[12-Dec-2025 12:29:53 Europe/Berlin] GET: {"action":"get_count","table":"components"}
[12-Dec-2025 12:29:53 Europe/Berlin] POST input: 
[12-Dec-2025 12:29:53 Europe/Berlin] Admin API Action: get_count
[12-Dec-2025 12:29:53 Europe/Berlin] === Admin.php запущен ===
[12-Dec-2025 12:29:53 Europe/Berlin] Время: 2025-12-12 12:29:53
[12-Dec-2025 12:29:53 Europe/Berlin] GET: {"action":"get_count","table":"user_builds"}
[12-Dec-2025 12:29:53 Europe/Berlin] === Admin.php запущен ===
[12-Dec-2025 12:29:53 Europe/Berlin] POST input: 
[12-Dec-2025 12:29:53 Europe/Berlin] Время: 2025-12-12 12:29:53
[12-Dec-2025 12:29:53 Europe/Berlin] Admin API Action: get_count
[12-Dec-2025 12:29:53 Europe/Berlin] GET: {"action":"get_count","table":"users"}
[12-Dec-2025 12:29:53 Europe/Berlin] POST input: 
[12-Dec-2025 12:29:53 Europe/Berlin] === Admin.php запущен ===
[12-Dec-2025 12:29:53 Europe/Berlin] Время: 2025-12-12 12:29:53
[12-Dec-2025 12:29:53 Europe/Berlin] GET: {"action":"get_count","table":"components"}
[12-Dec-2025 12:29:53 Europe/Berlin] POST input: 
[12-Dec-2025 12:29:53 Europe/Berlin] Admin API Action: get_count
[12-Dec-2025 12:29:53 Europe/Berlin] === Admin.php запущен ===
[12-Dec-2025 12:29:53 Europe/Berlin] Время: 2025-12-12 12:29:53
[12-Dec-2025 12:29:53 Europe/Berlin] GET: {"action":"get_count","table":"user_builds"}
[12-Dec-2025 12:29:53 Europe/Berlin] POST input: 
[12-Dec-2025 12:29:53 Europe/Berlin] Admin API Action: get_count
[12-Dec-2025 12:29:53 Europe/Berlin] Admin API Action: get_count
[12-Dec-2025 12:29:53 Europe/Berlin] Admin API Action: get_count
[12-Dec-2025 12:29:53 Europe/Berlin] === Admin.php запущен ===
[12-Dec-2025 12:29:53 Europe/Berlin] === Admin.php запущен ===
[12-Dec-2025 12:29:53 Europe/Berlin] Время: 2025-12-12 12:29:53
[12-Dec-2025 12:29:53 Europe/Berlin] Время: 2025-12-12 12:29:53
[12-Dec-2025 12:29:53 Europe/Berlin] GET: {"action":"get_count","table":"components"}
[12-Dec-2025 12:29:53 Europe/Berlin] GET: {"action":"get_count","table":"users"}
[12-Dec-2025 12:29:53 Europe/Berlin] POST input: 
[12-Dec-2025 12:29:53 Europe/Berlin] POST input: 
[12-Dec-2025 12:29:53 Europe/Berlin] === Admin.php запущен ===
[12-Dec-2025 12:29:53 Europe/Berlin] Время: 2025-12-12 12:29:53
[12-Dec-2025 12:29:53 Europe/Berlin] GET: {"action":"get_count","table":"user_builds"}
[12-Dec-2025 12:29:53 Europe/Berlin] POST input: 
[12-Dec-2025 12:29:53 Europe/Berlin] Admin API Action: get_count
[12-Dec-2025 12:29:53 Europe/Berlin] === Admin.php запущен ===
[12-Dec-2025 12:29:53 Europe/Berlin] Время: 2025-12-12 12:29:53
[12-Dec-2025 12:29:53 Europe/Berlin] GET: {"action":"get_count","table":"users"}
[12-Dec-2025 12:29:53 Europe/Berlin] POST input: 
[12-Dec-2025 12:29:53 Europe/Berlin] === Admin.php запущен ===
[12-Dec-2025 12:29:53 Europe/Berlin] Admin API Action: get_count
[12-Dec-2025 12:29:53 Europe/Berlin] Время: 2025-12-12 12:29:53
[12-Dec-2025 12:29:53 Europe/Berlin] === Admin.php запущен ===
[12-Dec-2025 12:29:53 Europe/Berlin] Время: 2025-12-12 12:29:53
[12-Dec-2025 12:29:53 Europe/Berlin] GET: {"action":"get_count","table":"components"}
[12-Dec-2025 12:29:53 Europe/Berlin] GET: {"action":"get_count","table":"user_builds"}
[12-Dec-2025 12:29:53 Europe/Berlin] POST input: 
[12-Dec-2025 12:29:53 Europe/Berlin] POST input: 
[12-Dec-2025 12:29:53 Europe/Berlin] Admin API Action: get_count
[12-Dec-2025 12:29:53 Europe/Berlin] Admin API Action: get_count
[12-Dec-2025 12:29:53 Europe/Berlin] Admin API Action: get_count
[12-Dec-2025 12:29:53 Europe/Berlin] Admin API Action: get_count
[12-Dec-2025 12:29:55 Europe/Berlin] === Admin.php запущен ===
[12-Dec-2025 12:29:55 Europe/Berlin] Время: 2025-12-12 12:29:55
[12-Dec-2025 12:29:55 Europe/Berlin] GET: {"action":"get_components"}
[12-Dec-2025 12:29:55 Europe/Berlin] POST input: 
[12-Dec-2025 12:29:55 Europe/Berlin] Admin API Action: get_components
[12-Dec-2025 12:29:55 Europe/Berlin] === Admin.php запущен ===
[12-Dec-2025 12:29:55 Europe/Berlin] Время: 2025-12-12 12:29:55
[12-Dec-2025 12:29:55 Europe/Berlin] GET: {"action":"get_components"}
[12-Dec-2025 12:29:55 Europe/Berlin] POST input: 
[12-Dec-2025 12:29:55 Europe/Berlin] Admin API Action: get_components
[12-Dec-2025 12:29:55 Europe/Berlin] === Admin.php запущен ===
[12-Dec-2025 12:29:55 Europe/Berlin] Время: 2025-12-12 12:29:55
[12-Dec-2025 12:29:55 Europe/Berlin] GET: {"action":"get_users"}
[12-Dec-2025 12:29:55 Europe/Berlin] POST input: 
[12-Dec-2025 12:29:56 Europe/Berlin] Admin API Action: get_users
[12-Dec-2025 12:30:01 Europe/Berlin] === Admin.php запущен ===
[12-Dec-2025 12:30:01 Europe/Berlin] Время: 2025-12-12 12:30:01
[12-Dec-2025 12:30:01 Europe/Berlin] GET: {"action":"get_components"}
[12-Dec-2025 12:30:01 Europe/Berlin] POST input: 
[12-Dec-2025 12:30:01 Europe/Berlin] Admin API Action: get_components
[12-Dec-2025 12:30:27 Europe/Berlin] === Admin.php запущен ===
[12-Dec-2025 12:30:27 Europe/Berlin] Время: 2025-12-12 12:30:27
[12-Dec-2025 12:30:27 Europe/Berlin] GET: {"action":"get_users"}
[12-Dec-2025 12:30:27 Europe/Berlin] POST input: 
[12-Dec-2025 12:30:27 Europe/Berlin] Admin API Action: get_users
[12-Dec-2025 12:30:34 Europe/Berlin] === Admin.php запущен ===
[12-Dec-2025 12:30:34 Europe/Berlin] Время: 2025-12-12 12:30:34
[12-Dec-2025 12:30:34 Europe/Berlin] GET: {"action":"get_builds"}
[12-Dec-2025 12:30:34 Europe/Berlin] POST input: 
[12-Dec-2025 12:30:34 Europe/Berlin] Admin API Action: get_builds
[12-Dec-2025 12:30:35 Europe/Berlin] === Admin.php запущен ===
[12-Dec-2025 12:30:35 Europe/Berlin] Время: 2025-12-12 12:30:35
[12-Dec-2025 12:30:35 Europe/Berlin] GET: {"action":"get_users"}
[12-Dec-2025 12:30:35 Europe/Berlin] POST input: 
[12-Dec-2025 12:30:35 Europe/Berlin] Admin API Action: get_users
[12-Dec-2025 12:37:28 Europe/Berlin] === Admin.php запущен ===
[12-Dec-2025 12:37:28 Europe/Berlin] Время: 2025-12-12 12:37:28
[12-Dec-2025 12:37:28 Europe/Berlin] GET: {"action":"get_components"}
[12-Dec-2025 12:37:28 Europe/Berlin] POST input: 
[12-Dec-2025 12:37:28 Europe/Berlin] Admin API Action: get_components
[12-Dec-2025 12:37:29 Europe/Berlin] === Admin.php запущен ===
[12-Dec-2025 12:37:29 Europe/Berlin] Время: 2025-12-12 12:37:29
[12-Dec-2025 12:37:29 Europe/Berlin] === Admin.php запущен ===
[12-Dec-2025 12:37:29 Europe/Berlin] GET: {"action":"get_count","table":"users"}
[12-Dec-2025 12:37:29 Europe/Berlin] Время: 2025-12-12 12:37:29
[12-Dec-2025 12:37:29 Europe/Berlin] POST input: 
[12-Dec-2025 12:37:29 Europe/Berlin] === Admin.php запущен ===
[12-Dec-2025 12:37:29 Europe/Berlin] GET: {"action":"get_count","table":"components"}
[12-Dec-2025 12:37:29 Europe/Berlin] Время: 2025-12-12 12:37:29
[12-Dec-2025 12:37:29 Europe/Berlin] POST input: 
[12-Dec-2025 12:37:29 Europe/Berlin] GET: {"action":"get_count","table":"user_builds"}
[12-Dec-2025 12:37:29 Europe/Berlin] POST input: 
[12-Dec-2025 12:37:29 Europe/Berlin] Admin API Action: get_count
[12-Dec-2025 12:37:29 Europe/Berlin] Admin API Action: get_count
[12-Dec-2025 12:37:29 Europe/Berlin] Admin API Action: get_count
